Build started 27/01/2014 21:11:19.
     1>Project "D:\Teresa\Clase\Uni\4º\IG\Práctica 4\freeglut project 3D\freeglut project 3D\freeglut project 3D.vcxproj" on node 2 (Build target(s)).
     1>ClCompile:
         D:\Visual Studio 2012\VC\bin\CL.exe /c /I"D:\Teresa\Clase\Uni\4º\IG\Práctica 4\freeglut project 3D\freeglut\include\\" /ZI /nologo /W3 /WX- /Od /Oy- /D _MBCS /Gm /EHsc /RTC1 /MDd /GS /fp:precise /Zc:wchar_t /Zc:forScope /Fo"Debug\\" /Fd"Debug\vc110.pdb" /Gd /TP /analyze- /errorReport:prompt main.cpp
         main.cpp
     1>d:\teresa\clase\uni\4º\ig\práctica 4\freeglut project 3d\freeglut project 3d\main.cpp(383): warning C4244: 'argument' : conversion from 'int' to 'GLfloat', possible loss of data
     1>d:\teresa\clase\uni\4º\ig\práctica 4\freeglut project 3d\freeglut project 3d\main.cpp(384): warning C4244: 'argument' : conversion from 'int' to 'GLfloat', possible loss of data
     1>d:\teresa\clase\uni\4º\ig\práctica 4\freeglut project 3d\freeglut project 3d\main.cpp(385): warning C4244: 'argument' : conversion from 'int' to 'GLfloat', possible loss of data
     1>d:\teresa\clase\uni\4º\ig\práctica 4\freeglut project 3d\freeglut project 3d\main.cpp(392): warning C4305: 'initializing' : truncation from 'double' to 'GLfloat'
     1>d:\teresa\clase\uni\4º\ig\práctica 4\freeglut project 3d\freeglut project 3d\main.cpp(397): warning C4305: 'initializing' : truncation from 'double' to 'GLfloat'
       Link:
         D:\Visual Studio 2012\VC\bin\link.exe /ERRORREPORT:PROMPT /OUT:"D:\Teresa\Clase\Uni\4º\IG\Práctica 4\freeglut project 3D\Debug\freeglut project 3D.exe" /INCREMENTAL /NOLOGO /LIBPATH:"D:\Teresa\Clase\Uni\4º\IG\Práctica 4\freeglut project 3D\freeglut\lib\\" kernel32.lib user32.lib gdi32.lib winspool.lib comdlg32.lib advapi32.lib shell32.lib ole32.lib oleaut32.lib uuid.lib odbc32.lib odbccp32.lib /MANIFEST /MANIFESTUAC:"level='asInvoker' uiAccess='false'" /manifest:embed /DEBUG /PDB:"D:\Teresa\Clase\Uni\4º\IG\Práctica 4\freeglut project 3D\Debug\freeglut project 3D.pdb" /TLBID:1 /DYNAMICBASE /NXCOMPAT /IMPLIB:"D:\Teresa\Clase\Uni\4º\IG\Práctica 4\freeglut project 3D\Debug\freeglut project 3D.lib" /MACHINE:X86 Debug\Camara.obj
         Debug\Cara.obj
         Debug\Cilindro.obj
         Debug\Disco.obj
         Debug\Esfera.obj
         Debug\main.obj
         Debug\Malla.obj
         Debug\MunecoDeNieve.obj
         Debug\Objeto3D.obj
         Debug\ObjetoCompuesto3D.obj
         Debug\ObjetoCuadrico.obj
         Debug\PV3D.obj
         Debug\Sombrero.obj
         Debug\TAfin.obj
         Debug\VerticeNormal.obj
         freeglut project 3D.vcxproj -> D:\Teresa\Clase\Uni\4º\IG\Práctica 4\freeglut project 3D\Debug\freeglut project 3D.exe
     1>Done Building Project "D:\Teresa\Clase\Uni\4º\IG\Práctica 4\freeglut project 3D\freeglut project 3D\freeglut project 3D.vcxproj" (Build target(s)).

Build succeeded.

Time Elapsed 00:00:03.96
