Build started 24/11/2013 19:44:12.
     1>Project "D:\Teresa\Clase\Uni\4º\IG\Práctica 2\obligatoria\freeglut project 2d\freeglut project 2D\freeglut project 2D.vcxproj" on node 2 (Build target(s)).
     1>ClCompile:
         D:\Visual Studio 2012\VC\bin\CL.exe /c /I"D:\Teresa\Clase\Uni\4º\IG\Práctica 2\obligatoria\freeglut project 2d\freeglut\include\\" /ZI /nologo /W3 /WX- /Od /Oy- /D _MBCS /Gm /EHsc /RTC1 /MDd /GS /fp:precise /Zc:wchar_t /Zc:forScope /Fo"Debug\\" /Fd"Debug\vc110.pdb" /Gd /TP /analyze- /errorReport:prompt Circulo.cpp Triangulo.cpp
         Triangulo.cpp
         Circulo.cpp
     1>d:\teresa\clase\uni\4º\ig\práctica 2\obligatoria\freeglut project 2d\freeglut project 2d\circulo.cpp(45): warning C4244: '=' : conversion from 'GLdouble' to 'int', possible loss of data
         Generating Code...
       Link:
         D:\Visual Studio 2012\VC\bin\link.exe /ERRORREPORT:PROMPT /OUT:"D:\Teresa\Clase\Uni\4º\IG\Práctica 2\obligatoria\freeglut project 2d\Debug\freeglut project 2D.exe" /INCREMENTAL /NOLOGO /LIBPATH:"D:\Teresa\Clase\Uni\4º\IG\Práctica 2\obligatoria\freeglut project 2d\freeglut\lib\\" kernel32.lib user32.lib gdi32.lib winspool.lib comdlg32.lib advapi32.lib shell32.lib ole32.lib oleaut32.lib uuid.lib odbc32.lib odbccp32.lib /MANIFEST /MANIFESTUAC:"level='asInvoker' uiAccess='false'" /manifest:embed /DEBUG /PDB:"D:\Teresa\Clase\Uni\4º\IG\Práctica 2\obligatoria\freeglut project 2d\Debug\freeglut project 2D.pdb" /TLBID:1 /DYNAMICBASE /NXCOMPAT /IMPLIB:"D:\Teresa\Clase\Uni\4º\IG\Práctica 2\obligatoria\freeglut project 2d\Debug\freeglut project 2D.lib" /MACHINE:X86 Debug\Circulo.obj
         Debug\Escena.obj
         Debug\Lapiz.obj
         Debug\main.obj
         Debug\Pelota.obj
         Debug\PV2D.obj
         Debug\Triangulo.obj
         freeglut project 2D.vcxproj -> D:\Teresa\Clase\Uni\4º\IG\Práctica 2\obligatoria\freeglut project 2d\Debug\freeglut project 2D.exe
     1>Done Building Project "D:\Teresa\Clase\Uni\4º\IG\Práctica 2\obligatoria\freeglut project 2d\freeglut project 2D\freeglut project 2D.vcxproj" (Build target(s)).

Build succeeded.

Time Elapsed 00:00:04.68
